<?xml version="1.0" encoding="UTF-8"?>
<!-- Generated by org.testng.reporters.JUnitXMLReporter -->
<testsuite ignored="0" hostname="DESKTOP-HU3IM2H" failures="1" tests="1" name="DoodleSearch" time="12.155" errors="0" timestamp="2021-09-10T12:48:33 IST">
  <testcase classname="Revision.SelfProject2.FeelingLuckyTest" name="happySearch" time="3.413">
    <failure type="java.lang.AssertionError" message="expected [true] but found [false]">
      <![CDATA[java.lang.AssertionError: expected [true] but found [false]
at Revision.SelfProject2.FeelingLuckyTest.happySearch(FeelingLuckyTest.java:26)
at java.base/java.util.ArrayList.forEach(ArrayList.java:1511)
at java.base/java.util.concurrent.FutureTask.run(FutureTask.java:264)
at java.base/java.util.concurrent.ThreadPoolExecutor.runWorker(ThreadPoolExecutor.java:1130)
at java.base/java.util.concurrent.ThreadPoolExecutor$Worker.run(ThreadPoolExecutor.java:630)
at java.base/java.lang.Thread.run(Thread.java:831)
... Removed 22 stack frames]]>
    </failure>
  </testcase> <!-- happySearch -->
</testsuite> <!-- DoodleSearch -->
