<?xml version="1.0" encoding="UTF-8"?>
<!-- Generated by org.testng.reporters.JUnitXMLReporter -->
<testsuite ignored="0" hostname="DESKTOP-HU3IM2H" failures="2" tests="4" name="GoogleSeacrh" time="28.028" errors="0" timestamp="2021-09-10T12:48:49 IST">
  <testcase classname="Revision.SelfProject2.GoogleSearchTest" name="SearchTest" time="8.483"/>
  <testcase classname="Revision.SelfProject2.GoogleSearchTest" name="SearchTest" time="1.34">
    <failure type="java.lang.AssertionError" message="expected [true] but found [false]">
      <![CDATA[java.lang.AssertionError: expected [true] but found [false]
at Revision.SelfProject2.GoogleSearchTest.SearchTest(GoogleSearchTest.java:46)
at java.base/java.util.ArrayList.forEach(ArrayList.java:1511)
at java.base/java.util.concurrent.FutureTask.run(FutureTask.java:264)
at java.base/java.util.concurrent.ThreadPoolExecutor.runWorker(ThreadPoolExecutor.java:1130)
at java.base/java.util.concurrent.ThreadPoolExecutor$Worker.run(ThreadPoolExecutor.java:630)
at java.base/java.lang.Thread.run(Thread.java:831)
... Removed 22 stack frames]]>
    </failure>
  </testcase> <!-- SearchTest -->
  <testcase classname="Revision.SelfProject2.GoogleSearchTest" name="SearchTest" time="1.174">
    <failure type="java.lang.AssertionError" message="expected [true] but found [false]">
      <![CDATA[java.lang.AssertionError: expected [true] but found [false]
at Revision.SelfProject2.GoogleSearchTest.SearchTest(GoogleSearchTest.java:46)
at java.base/java.util.ArrayList.forEach(ArrayList.java:1511)
at java.base/java.util.concurrent.FutureTask.run(FutureTask.java:264)
at java.base/java.util.concurrent.ThreadPoolExecutor.runWorker(ThreadPoolExecutor.java:1130)
at java.base/java.util.concurrent.ThreadPoolExecutor$Worker.run(ThreadPoolExecutor.java:630)
at java.base/java.lang.Thread.run(Thread.java:831)
... Removed 22 stack frames]]>
    </failure>
  </testcase> <!-- SearchTest -->
  <testcase classname="Revision.SelfProject2.GoogleSearchTest" name="SearchTest" time="4.354"/>
</testsuite> <!-- GoogleSeacrh -->
