<?xml version="1.0" encoding="UTF-8"?>
<!-- Generated by org.testng.reporters.JUnitXMLReporter -->
<testsuite hostname="DESKTOP-HU3IM2H" ignored="0" name="Command line test" tests="5" failures="3" timestamp="2021-09-10T13:06:13 IST" time="35.745" errors="0">
  <testcase name="happySearch" time="3.08" classname="Revision.SelfProject2.FeelingLuckyTest">
    <failure type="java.lang.AssertionError" message="expected [true] but found [false]">
      <![CDATA[java.lang.AssertionError: expected [true] but found [false]
at Revision.SelfProject2.FeelingLuckyTest.happySearch(FeelingLuckyTest.java:26)
at java.util.ArrayList.forEach(ArrayList.java:1259)
... Removed 41 stack frames]]>
    </failure>
  </testcase> <!-- happySearch -->
  <testcase name="SearchTest" time="5.985" classname="Revision.SelfProject2.GoogleSearchTest"/>
  <testcase name="SearchTest" time="1.457" classname="Revision.SelfProject2.GoogleSearchTest">
    <failure type="java.lang.AssertionError" message="expected [true] but found [false]">
      <![CDATA[java.lang.AssertionError: expected [true] but found [false]
at Revision.SelfProject2.GoogleSearchTest.SearchTest(GoogleSearchTest.java:46)
at java.util.ArrayList.forEach(ArrayList.java:1259)
... Removed 41 stack frames]]>
    </failure>
  </testcase> <!-- SearchTest -->
  <testcase name="SearchTest" time="1.196" classname="Revision.SelfProject2.GoogleSearchTest">
    <failure type="java.lang.AssertionError" message="expected [true] but found [false]">
      <![CDATA[java.lang.AssertionError: expected [true] but found [false]
at Revision.SelfProject2.GoogleSearchTest.SearchTest(GoogleSearchTest.java:46)
at java.util.ArrayList.forEach(ArrayList.java:1259)
... Removed 41 stack frames]]>
    </failure>
  </testcase> <!-- SearchTest -->
  <testcase name="SearchTest" time="3.492" classname="Revision.SelfProject2.GoogleSearchTest"/>
</testsuite> <!-- Command line test -->
