<?xml version="1.0" encoding="UTF-8"?>
<!-- Generated by org.testng.reporters.JUnitXMLReporter -->
<testsuite hostname="DESKTOP-HU3IM2H" ignored="0" name="GoogleSeacrh" tests="4" failures="2" timestamp="2021-09-11T19:36:03 IST" time="46.643" errors="0">
  <testcase name="SearchTest" time="11.675" classname="Revision.SelfProject2.GoogleSearchTest"/>
  <testcase name="SearchTest" time="2.354" classname="Revision.SelfProject2.GoogleSearchTest">
    <failure type="java.lang.AssertionError" message="expected [true] but found [false]">
      <![CDATA[java.lang.AssertionError: expected [true] but found [false]
at Revision.SelfProject2.GoogleSearchTest.SearchTest(GoogleSearchTest.java:51)
at java.util.ArrayList.forEach(ArrayList.java:1259)
at java.util.concurrent.FutureTask.run(FutureTask.java:266)
at java.util.concurrent.ThreadPoolExecutor.runWorker(ThreadPoolExecutor.java:1149)
at java.util.concurrent.ThreadPoolExecutor$Worker.run(ThreadPoolExecutor.java:624)
at java.lang.Thread.run(Thread.java:748)
... Removed 22 stack frames]]>
    </failure>
  </testcase> <!-- SearchTest -->
  <testcase name="SearchTest" time="1.41" classname="Revision.SelfProject2.GoogleSearchTest">
    <failure type="java.lang.AssertionError" message="expected [true] but found [false]">
      <![CDATA[java.lang.AssertionError: expected [true] but found [false]
at Revision.SelfProject2.GoogleSearchTest.SearchTest(GoogleSearchTest.java:51)
at java.util.ArrayList.forEach(ArrayList.java:1259)
at java.util.concurrent.FutureTask.run(FutureTask.java:266)
at java.util.concurrent.ThreadPoolExecutor.runWorker(ThreadPoolExecutor.java:1149)
at java.util.concurrent.ThreadPoolExecutor$Worker.run(ThreadPoolExecutor.java:624)
at java.lang.Thread.run(Thread.java:748)
... Removed 22 stack frames]]>
    </failure>
  </testcase> <!-- SearchTest -->
  <testcase name="SearchTest" time="3.765" classname="Revision.SelfProject2.GoogleSearchTest"/>
</testsuite> <!-- GoogleSeacrh -->
