<?xml version="1.0" encoding="UTF-8"?>
<testng-results skipped="0" failed="3" ignored="0" total="5" passed="2">
  <reporter-output>
  </reporter-output>
  <suite name="Suite" duration-ms="27603" started-at="2021-09-10T13:36:13 IST" finished-at="2021-09-10T13:36:40 IST">
    <groups>
    </groups>
    <test name="DoodleSearch" duration-ms="17254" started-at="2021-09-10T13:36:13 IST" finished-at="2021-09-10T13:36:30 IST">
      <class name="Revision.SelfProject2.FeelingLuckyTest">
        <test-method status="PASS" signature="bLaunch()[pri:0, instance:Revision.SelfProject2.FeelingLuckyTest@1ec78b9]" name="bLaunch" is-config="true" duration-ms="11578" started-at="2021-09-10T13:36:13 IST" finished-at="2021-09-10T13:36:24 IST">
          <reporter-output>
          </reporter-output>
        </test-method> <!-- bLaunch -->
        <test-method status="FAIL" signature="happySearch()[pri:0, instance:Revision.SelfProject2.FeelingLuckyTest@1ec78b9]" name="happySearch" duration-ms="4794" started-at="2021-09-10T13:36:24 IST" finished-at="2021-09-10T13:36:29 IST">
          <exception class="java.lang.AssertionError">
            <message>
              <![CDATA[expected [true] but found [false]]]>
            </message>
            <full-stacktrace>
              <![CDATA[java.lang.AssertionError: expected [true] but found [false]
at org.testng.Assert.fail(Assert.java:99)
at org.testng.Assert.failNotEquals(Assert.java:1037)
at org.testng.Assert.assertTrue(Assert.java:45)
at org.testng.Assert.assertTrue(Assert.java:55)
at Revision.SelfProject2.FeelingLuckyTest.happySearch(FeelingLuckyTest.java:26)
at sun.reflect.NativeMethodAccessorImpl.invoke0(Native Method)
at sun.reflect.NativeMethodAccessorImpl.invoke(NativeMethodAccessorImpl.java:62)
at sun.reflect.DelegatingMethodAccessorImpl.invoke(DelegatingMethodAccessorImpl.java:43)
at java.lang.reflect.Method.invoke(Method.java:498)
at org.testng.internal.MethodInvocationHelper.invokeMethod(MethodInvocationHelper.java:133)
at org.testng.internal.TestInvoker.invokeMethod(TestInvoker.java:598)
at org.testng.internal.TestInvoker.invokeTestMethod(TestInvoker.java:173)
at org.testng.internal.MethodRunner.runInSequence(MethodRunner.java:46)
at org.testng.internal.TestInvoker$MethodInvocationAgent.invoke(TestInvoker.java:824)
at org.testng.internal.TestInvoker.invokeTestMethods(TestInvoker.java:146)
at org.testng.internal.TestMethodWorker.invokeTestMethods(TestMethodWorker.java:146)
at org.testng.internal.TestMethodWorker.run(TestMethodWorker.java:128)
at java.util.ArrayList.forEach(ArrayList.java:1259)
at org.testng.TestRunner.privateRun(TestRunner.java:794)
at org.testng.TestRunner.run(TestRunner.java:596)
at org.testng.SuiteRunner.runTest(SuiteRunner.java:377)
at org.testng.SuiteRunner.access$000(SuiteRunner.java:28)
at org.testng.SuiteRunner$SuiteWorker.run(SuiteRunner.java:418)
at org.testng.internal.thread.ThreadUtil.lambda$execute$0(ThreadUtil.java:64)
at java.util.concurrent.FutureTask.run(FutureTask.java:266)
at java.util.concurrent.ThreadPoolExecutor.runWorker(ThreadPoolExecutor.java:1149)
at java.util.concurrent.ThreadPoolExecutor$Worker.run(ThreadPoolExecutor.java:624)
at java.lang.Thread.run(Thread.java:748)
]]>
            </full-stacktrace>
          </exception> <!-- java.lang.AssertionError -->
          <reporter-output>
          </reporter-output>
        </test-method> <!-- happySearch -->
        <test-method status="PASS" signature="cBrowser()[pri:0, instance:Revision.SelfProject2.FeelingLuckyTest@1ec78b9]" name="cBrowser" is-config="true" duration-ms="562" started-at="2021-09-10T13:36:29 IST" finished-at="2021-09-10T13:36:30 IST">
          <reporter-output>
          </reporter-output>
        </test-method> <!-- cBrowser -->
      </class> <!-- Revision.SelfProject2.FeelingLuckyTest -->
    </test> <!-- DoodleSearch -->
    <test name="GoogleSeacrh" duration-ms="27603" started-at="2021-09-10T13:36:13 IST" finished-at="2021-09-10T13:36:40 IST">
      <class name="Revision.SelfProject2.GoogleSearchTest">
        <test-method status="PASS" signature="bLaunch()[pri:0, instance:Revision.SelfProject2.GoogleSearchTest@153b3e6]" name="bLaunch" is-config="true" duration-ms="2854" started-at="2021-09-10T13:36:13 IST" finished-at="2021-09-10T13:36:16 IST">
          <reporter-output>
          </reporter-output>
        </test-method> <!-- bLaunch -->
        <test-method status="PASS" signature="lPage()[pri:0, instance:Revision.SelfProject2.GoogleSearchTest@153b3e6]" name="lPage" is-config="true" duration-ms="8115" started-at="2021-09-10T13:36:16 IST" finished-at="2021-09-10T13:36:24 IST">
          <reporter-output>
          </reporter-output>
        </test-method> <!-- lPage -->
        <test-method status="PASS" signature="SearchTest(java.lang.String,java.lang.String)[pri:0, instance:Revision.SelfProject2.GoogleSearchTest@153b3e6]" name="SearchTest" duration-ms="6033" started-at="2021-09-10T13:36:24 IST" data-provider="ExcelData" finished-at="2021-09-10T13:36:30 IST">
          <params>
            <param index="0">
              <value>
                <![CDATA[Positive]]>
              </value>
            </param>
            <param index="1">
              <value>
                <![CDATA[Nitin]]>
              </value>
            </param>
          </params>
          <reporter-output>
          </reporter-output>
        </test-method> <!-- SearchTest -->
        <test-method status="PASS" signature="lPage()[pri:0, instance:Revision.SelfProject2.GoogleSearchTest@153b3e6]" name="lPage" is-config="true" duration-ms="1254" started-at="2021-09-10T13:36:30 IST" finished-at="2021-09-10T13:36:32 IST">
          <reporter-output>
          </reporter-output>
        </test-method> <!-- lPage -->
        <test-method status="FAIL" signature="SearchTest(java.lang.String,java.lang.String)[pri:0, instance:Revision.SelfProject2.GoogleSearchTest@153b3e6]" name="SearchTest" duration-ms="1493" started-at="2021-09-10T13:36:32 IST" data-provider="ExcelData" finished-at="2021-09-10T13:36:33 IST">
          <params>
            <param index="0">
              <value>
                <![CDATA[Negative]]>
              </value>
            </param>
            <param index="1">
              <value>
                <![CDATA[n3984568384538465843]]>
              </value>
            </param>
          </params>
          <exception class="java.lang.AssertionError">
            <message>
              <![CDATA[expected [true] but found [false]]]>
            </message>
            <full-stacktrace>
              <![CDATA[java.lang.AssertionError: expected [true] but found [false]
at org.testng.Assert.fail(Assert.java:99)
at org.testng.Assert.failNotEquals(Assert.java:1037)
at org.testng.Assert.assertTrue(Assert.java:45)
at org.testng.Assert.assertTrue(Assert.java:55)
at Revision.SelfProject2.GoogleSearchTest.SearchTest(GoogleSearchTest.java:46)
at sun.reflect.NativeMethodAccessorImpl.invoke0(Native Method)
at sun.reflect.NativeMethodAccessorImpl.invoke(NativeMethodAccessorImpl.java:62)
at sun.reflect.DelegatingMethodAccessorImpl.invoke(DelegatingMethodAccessorImpl.java:43)
at java.lang.reflect.Method.invoke(Method.java:498)
at org.testng.internal.MethodInvocationHelper.invokeMethod(MethodInvocationHelper.java:133)
at org.testng.internal.TestInvoker.invokeMethod(TestInvoker.java:598)
at org.testng.internal.TestInvoker.invokeTestMethod(TestInvoker.java:173)
at org.testng.internal.MethodRunner.runInSequence(MethodRunner.java:46)
at org.testng.internal.TestInvoker$MethodInvocationAgent.invoke(TestInvoker.java:824)
at org.testng.internal.TestInvoker.invokeTestMethods(TestInvoker.java:146)
at org.testng.internal.TestMethodWorker.invokeTestMethods(TestMethodWorker.java:146)
at org.testng.internal.TestMethodWorker.run(TestMethodWorker.java:128)
at java.util.ArrayList.forEach(ArrayList.java:1259)
at org.testng.TestRunner.privateRun(TestRunner.java:794)
at org.testng.TestRunner.run(TestRunner.java:596)
at org.testng.SuiteRunner.runTest(SuiteRunner.java:377)
at org.testng.SuiteRunner.access$000(SuiteRunner.java:28)
at org.testng.SuiteRunner$SuiteWorker.run(SuiteRunner.java:418)
at org.testng.internal.thread.ThreadUtil.lambda$execute$0(ThreadUtil.java:64)
at java.util.concurrent.FutureTask.run(FutureTask.java:266)
at java.util.concurrent.ThreadPoolExecutor.runWorker(ThreadPoolExecutor.java:1149)
at java.util.concurrent.ThreadPoolExecutor$Worker.run(ThreadPoolExecutor.java:624)
at java.lang.Thread.run(Thread.java:748)
]]>
            </full-stacktrace>
          </exception> <!-- java.lang.AssertionError -->
          <reporter-output>
          </reporter-output>
        </test-method> <!-- SearchTest -->
        <test-method status="PASS" signature="lPage()[pri:0, instance:Revision.SelfProject2.GoogleSearchTest@153b3e6]" name="lPage" is-config="true" duration-ms="1203" started-at="2021-09-10T13:36:33 IST" finished-at="2021-09-10T13:36:34 IST">
          <reporter-output>
          </reporter-output>
        </test-method> <!-- lPage -->
        <test-method status="FAIL" signature="SearchTest(java.lang.String,java.lang.String)[pri:0, instance:Revision.SelfProject2.GoogleSearchTest@153b3e6]" name="SearchTest" duration-ms="1081" started-at="2021-09-10T13:36:34 IST" data-provider="ExcelData" finished-at="2021-09-10T13:36:36 IST">
          <params>
            <param index="0">
              <value>
                <![CDATA[Negative]]>
              </value>
            </param>
            <param index="1">
              <value>
                <![CDATA[w3984568384538465843]]>
              </value>
            </param>
          </params>
          <exception class="java.lang.AssertionError">
            <message>
              <![CDATA[expected [true] but found [false]]]>
            </message>
            <full-stacktrace>
              <![CDATA[java.lang.AssertionError: expected [true] but found [false]
at org.testng.Assert.fail(Assert.java:99)
at org.testng.Assert.failNotEquals(Assert.java:1037)
at org.testng.Assert.assertTrue(Assert.java:45)
at org.testng.Assert.assertTrue(Assert.java:55)
at Revision.SelfProject2.GoogleSearchTest.SearchTest(GoogleSearchTest.java:46)
at sun.reflect.NativeMethodAccessorImpl.invoke0(Native Method)
at sun.reflect.NativeMethodAccessorImpl.invoke(NativeMethodAccessorImpl.java:62)
at sun.reflect.DelegatingMethodAccessorImpl.invoke(DelegatingMethodAccessorImpl.java:43)
at java.lang.reflect.Method.invoke(Method.java:498)
at org.testng.internal.MethodInvocationHelper.invokeMethod(MethodInvocationHelper.java:133)
at org.testng.internal.TestInvoker.invokeMethod(TestInvoker.java:598)
at org.testng.internal.TestInvoker.invokeTestMethod(TestInvoker.java:173)
at org.testng.internal.MethodRunner.runInSequence(MethodRunner.java:46)
at org.testng.internal.TestInvoker$MethodInvocationAgent.invoke(TestInvoker.java:824)
at org.testng.internal.TestInvoker.invokeTestMethods(TestInvoker.java:146)
at org.testng.internal.TestMethodWorker.invokeTestMethods(TestMethodWorker.java:146)
at org.testng.internal.TestMethodWorker.run(TestMethodWorker.java:128)
at java.util.ArrayList.forEach(ArrayList.java:1259)
at org.testng.TestRunner.privateRun(TestRunner.java:794)
at org.testng.TestRunner.run(TestRunner.java:596)
at org.testng.SuiteRunner.runTest(SuiteRunner.java:377)
at org.testng.SuiteRunner.access$000(SuiteRunner.java:28)
at org.testng.SuiteRunner$SuiteWorker.run(SuiteRunner.java:418)
at org.testng.internal.thread.ThreadUtil.lambda$execute$0(ThreadUtil.java:64)
at java.util.concurrent.FutureTask.run(FutureTask.java:266)
at java.util.concurrent.ThreadPoolExecutor.runWorker(ThreadPoolExecutor.java:1149)
at java.util.concurrent.ThreadPoolExecutor$Worker.run(ThreadPoolExecutor.java:624)
at java.lang.Thread.run(Thread.java:748)
]]>
            </full-stacktrace>
          </exception> <!-- java.lang.AssertionError -->
          <reporter-output>
          </reporter-output>
        </test-method> <!-- SearchTest -->
        <test-method status="PASS" signature="lPage()[pri:0, instance:Revision.SelfProject2.GoogleSearchTest@153b3e6]" name="lPage" is-config="true" duration-ms="1147" started-at="2021-09-10T13:36:36 IST" finished-at="2021-09-10T13:36:37 IST">
          <reporter-output>
          </reporter-output>
        </test-method> <!-- lPage -->
        <test-method status="PASS" signature="SearchTest(java.lang.String,java.lang.String)[pri:0, instance:Revision.SelfProject2.GoogleSearchTest@153b3e6]" name="SearchTest" duration-ms="2891" started-at="2021-09-10T13:36:37 IST" data-provider="ExcelData" finished-at="2021-09-10T13:36:40 IST">
          <params>
            <param index="0">
              <value>
                <![CDATA[Positive]]>
              </value>
            </param>
            <param index="1">
              <value>
                <![CDATA[John Cena]]>
              </value>
            </param>
          </params>
          <reporter-output>
          </reporter-output>
        </test-method> <!-- SearchTest -->
        <test-method status="PASS" signature="cBrowser()[pri:0, instance:Revision.SelfProject2.GoogleSearchTest@153b3e6]" name="cBrowser" is-config="true" duration-ms="574" started-at="2021-09-10T13:36:40 IST" finished-at="2021-09-10T13:36:40 IST">
          <reporter-output>
          </reporter-output>
        </test-method> <!-- cBrowser -->
      </class> <!-- Revision.SelfProject2.GoogleSearchTest -->
    </test> <!-- GoogleSeacrh -->
  </suite> <!-- Suite -->
</testng-results>
