<?xml version="1.0" encoding="UTF-8"?>
<testsuite xmlns:xsi="http://www.w3.org/2001/XMLSchema-instance" xsi:noNamespaceSchemaLocation="https://maven.apache.org/surefire/maven-surefire-plugin/xsd/surefire-test-report-3.0.xsd" version="3.0" name="TestSuite" time="28.435" tests="5" errors="0" skipped="0" failures="3">
  <properties>
[...]
</properties>
  <testcase name="happySearch" classname="Revision.SelfProject2.FeelingLuckyTest" time="4.906">
    <failure message="expected [true] but found [false]" type="java.lang.AssertionError"><![CDATA[java.lang.AssertionError: expected [true] but found [false]
	at Revision.SelfProject2.FeelingLuckyTest.happySearch(FeelingLuckyTest.java:26)
]]></failure>
    <system-out><![CDATA[[TestNGContentHandler] [WARN] It is strongly recommended to add "<!DOCTYPE suite SYSTEM "https://testng.org/testng-1.0.dtd" >" at the top of the suite file [C:\Users\user\eclipse-workspace\SelfProject2\testng.xml] otherwise TestNG may fail or not work as expected.
]]></system-out>
    <system-err><![CDATA[Starting ChromeDStrairvtiengr  Ch9r3ome.D0ri.ve4r 5937.70..6435 7(7f.f653c 0(dffa52ce0cd0aa2edeca0eadd5e5a5ed05e65c570ee96c874e1978d4a1c77d7adc987a7-dr9e8fas-/rberfasn/cbhr-ahnecahd-sh/e457a7d@s{/#11354})5 7o7@n {p#1or13t5} )1 o61n04
 Onplory t 48028
loOcnal lcoyn nelocctiaonls  care alloownende.cti
oPnlsea saer seee  htatlplso:w//cehdr.om
ePdlrievaesre. cshereo mhtiutmp.so:/r/g/chsercoumreidrtyiv-ceor.ncsihdreomraitumio.onsr gf/osrec usruigtgye-stcioonnssi doenr aketeipoinngs  Cfhorro mseDurgivgeer ssatfei.o
ns on keeping ChromeDriver safe.
ChromeDriver was stCahrrotmeeDdr ivseur cwacs setsasrftulelyd. 
successfully.
Sep 10, 2021 1:36:15 PM org.openqa.selenium.remote.ProtocolHandshake createSession
INFO: Detected dialect: W3C
Sep 10, 2021 1:36:15 PM org.openqa.selenium.remote.ProtocolHandshake createSession
INFO: Detected dialect: W3C
]]></system-err>
  </testcase>
  <testcase name="SearchTest[Positive, Nitin](1)" classname="Revision.SelfProject2.GoogleSearchTest" time="6.034"/>
  <testcase name="SearchTest[Negative, n3984568384538465843](2)" classname="Revision.SelfProject2.GoogleSearchTest" time="1.568">
    <failure message="expected [true] but found [false]" type="java.lang.AssertionError"><![CDATA[java.lang.AssertionError: expected [true] but found [false]
	at Revision.SelfProject2.GoogleSearchTest.SearchTest(GoogleSearchTest.java:46)
]]></failure>
  </testcase>
  <testcase name="SearchTest[Negative, w3984568384538465843](3)" classname="Revision.SelfProject2.GoogleSearchTest" time="1.146">
    <failure message="expected [true] but found [false]" type="java.lang.AssertionError"><![CDATA[java.lang.AssertionError: expected [true] but found [false]
	at Revision.SelfProject2.GoogleSearchTest.SearchTest(GoogleSearchTest.java:46)
]]></failure>
  </testcase>
  <testcase name="SearchTest[Positive, John Cena](4)" classname="Revision.SelfProject2.GoogleSearchTest" time="2.891"/>
</testsuite>