<?xml version="1.0" encoding="UTF-8"?>
<testng-results ignored="0" total="1" passed="1" failed="0" skipped="0">
  <reporter-output>
  </reporter-output>
  <suite started-at="2021-09-11T19:28:04 IST" name="Default suite" finished-at="2021-09-11T19:28:32 IST" duration-ms="27896">
    <groups>
    </groups>
    <test started-at="2021-09-11T19:28:04 IST" name="Default test" finished-at="2021-09-11T19:28:32 IST" duration-ms="27896">
      <class name="Revision.SelfProject2.FileUploadTest">
        <test-method signature="abc()[pri:0, instance:Revision.SelfProject2.FileUploadTest@4a7f959b]" started-at="2021-09-11T19:28:04 IST" name="abc" finished-at="2021-09-11T19:28:32 IST" duration-ms="27789" status="PASS">
          <reporter-output>
          </reporter-output>
        </test-method> <!-- abc -->
      </class> <!-- Revision.SelfProject2.FileUploadTest -->
    </test> <!-- Default test -->
  </suite> <!-- Default suite -->
</testng-results>
